<?xml version="1.0" encoding="UTF-8"?>
<testng-results ignored="0" total="1" passed="1" failed="0" skipped="0">
  <reporter-output>
  </reporter-output>
  <suite started-at="2022-06-12T21:30:00 IST" name="Default suite" finished-at="2022-06-12T21:30:53 IST" duration-ms="53292">
    <groups>
    </groups>
    <test started-at="2022-06-12T21:30:00 IST" name="Default test" finished-at="2022-06-12T21:30:53 IST" duration-ms="53292">
      <class name="testcase.Testcase1">
        <test-method is-config="true" signature="beforeTest()[pri:0, instance:testcase.Testcase1@12aba8be]" started-at="2022-06-12T21:30:00 IST" name="beforeTest" finished-at="2022-06-12T21:30:07 IST" duration-ms="7117" status="PASS">
          <reporter-output>
          </reporter-output>
        </test-method> <!-- beforeTest -->
        <test-method signature="login()[pri:0, instance:testcase.Testcase1@12aba8be]" started-at="2022-06-12T21:30:07 IST" name="login" finished-at="2022-06-12T21:30:53 IST" duration-ms="46132" status="PASS">
          <reporter-output>
          </reporter-output>
        </test-method> <!-- login -->
      </class> <!-- testcase.Testcase1 -->
    </test> <!-- Default test -->
  </suite> <!-- Default suite -->
</testng-results>
